<?xml version="1.0" encoding="UTF-8"?>
<!-- Generated by org.testng.reporters.JUnitXMLReporter -->
<testsuite hostname="MavericSystems" ignored="0" name="Testing Parameterization" tests="2" failures="0" timestamp="2020-07-02T19:03:12 IST" time="0.1" errors="0">
  <testcase name="testCaseOne" time="0.018" classname="com.calculator2.c_Implement_Parameters"/>
  <testcase name="testCaseTwo" time="0.003" classname="com.calculator2.c_Implement_Parameters"/>
</testsuite> <!-- Testing Parameterization -->
