<?xml version="1.0" encoding="UTF-8"?>
<!-- Generated by org.testng.reporters.JUnitXMLReporter -->
<testsuite hostname="MavericSystems" ignored="2" name="GroupsDemo" tests="2" failures="0" timestamp="2020-07-03T00:07:08 IST" time="0.06" errors="0">
  <testcase name="calculation2" time="0.013" classname="com.calculator2.d_Implement_Group"/>
  <testcase name="calculation3" time="0.002" classname="com.calculator2.d_Implement_Group"/>
  <testcase name="calculation4" time="0.0" classname="com.calculator2.d_Implement_Group">
    <ignored/>
  </testcase> <!-- calculation4 -->
  <testcase name="calculation1" time="0.0" classname="com.calculator2.d_Implement_Group">
    <ignored/>
  </testcase> <!-- calculation1 -->
</testsuite> <!-- GroupsDemo -->
