<?xml version="1.0" encoding="UTF-8"?>
<testng-results skipped="0" failed="0" ignored="2" total="4" passed="2">
  <reporter-output>
  </reporter-output>
  <suite name="Regression TestSuite" duration-ms="60" started-at="2020-07-03T00:07:08 IST" finished-at="2020-07-03T00:07:08 IST">
    <groups>
      <group name="MULT">
        <method signature="d_Implement_Group.calculation3()[pri:0, instance:com.calculator2.d_Implement_Group@79be0360]" name="calculation3" class="com.calculator2.d_Implement_Group"/>
      </group> <!-- MULT -->
      <group name="SUBS">
        <method signature="d_Implement_Group.calculation2()[pri:0, instance:com.calculator2.d_Implement_Group@79be0360]" name="calculation2" class="com.calculator2.d_Implement_Group"/>
      </group> <!-- SUBS -->
    </groups>
    <test name="GroupsDemo" duration-ms="60" started-at="2020-07-03T00:07:08 IST" finished-at="2020-07-03T00:07:08 IST">
      <class name="com.calculator2.d_Implement_Group">
        <test-method status="PASS" signature="calculation2()[pri:0, instance:com.calculator2.d_Implement_Group@79be0360]" name="calculation2" duration-ms="13" started-at="2020-07-03T00:07:08 IST" finished-at="2020-07-03T00:07:08 IST">
          <reporter-output>
          </reporter-output>
        </test-method> <!-- calculation2 -->
        <test-method status="PASS" signature="calculation3()[pri:0, instance:com.calculator2.d_Implement_Group@79be0360]" name="calculation3" duration-ms="2" started-at="2020-07-03T00:07:08 IST" finished-at="2020-07-03T00:07:08 IST">
          <reporter-output>
          </reporter-output>
        </test-method> <!-- calculation3 -->
      </class> <!-- com.calculator2.d_Implement_Group -->
    </test> <!-- GroupsDemo -->
  </suite> <!-- Regression TestSuite -->
</testng-results>
